<?xml version="1.0" encoding="UTF-8"?>
<testsuite name="com.csc.ZipperTest" tests="7" skipped="0" failures="0" errors="0" timestamp="2024-11-03T20:58:22" hostname="Melissas-MacBook-Pro.local" time="0.012">
  <properties/>
  <testcase name="testListOneBigger()" classname="com.csc.ZipperTest" time="0.006"/>
  <testcase name="testStringListSize()" classname="com.csc.ZipperTest" time="0.001"/>
  <testcase name="testHashMapStringType()" classname="com.csc.ZipperTest" time="0.001"/>
  <testcase name="testHashMapWorks()" classname="com.csc.ZipperTest" time="0.001"/>
  <testcase name="testHashMapDifferentType()" classname="com.csc.ZipperTest" time="0.0"/>
  <testcase name="testListTwoBigger()" classname="com.csc.ZipperTest" time="0.0"/>
  <testcase name="testListSize()" classname="com.csc.ZipperTest" time="0.0"/>
  <system-out><![CDATA[]]></system-out>
  <system-err><![CDATA[]]></system-err>
</testsuite>
